<?xml version="1.0" encoding="UTF-8"?>
<!-- Generated by org.testng.reporters.JUnitXMLReporter -->
<testsuite ignored="1" hostname="DESKTOP-4HRJJAG" failures="0" tests="1" name="ChromeTest" time="8.452" errors="0" timestamp="2025-09-16T18:51:23 IST">
  <testcase classname="testScript.ManageNewsTest" name="verifyUserIsAbleToUpdateNewsInManageNews" time="2.751"/>
  <testcase classname="testScript.ManageNewsTest" name="verifyUserIsAbleToAddNewsInManageNews" time="0.0">
    <ignored/>
  </testcase> <!-- verifyUserIsAbleToAddNewsInManageNews -->
</testsuite> <!-- ChromeTest -->
