<?xml version="1.0" encoding="UTF-8"?>
<!-- Generated by org.testng.reporters.JUnitXMLReporter -->
<testsuite ignored="2" hostname="DESKTOP-4HRJJAG" failures="0" tests="0" time="0.014" errors="0" timestamp="2025-09-16T11:14:42 IST">
  <testcase classname="testScript.ManageNewsTest" name="UpdateANewsInManageNewsTest" time="0.0">
    <ignored/>
  </testcase> <!-- UpdateANewsInManageNewsTest -->
  <testcase classname="testScript.ManageNewsTest" name="addANewsInManageNewsTest" time="0.0">
    <ignored/>
  </testcase> <!-- addANewsInManageNewsTest -->
</testsuite>
