<?xml version="1.0" encoding="UTF-8"?>
<!-- Generated by org.testng.reporters.JUnitXMLReporter -->
<testsuite ignored="3" hostname="DESKTOP-4HRJJAG" failures="0" tests="1" name="ChromeTest" time="25.902" errors="0" timestamp="2025-09-11T11:46:31 IST">
  <testcase classname="testScript.LoginTest" name="verificationOfLoginWithInvalidUsernameandInvalidPassword" time="13.989"/>
  <testcase classname="testScript.LoginTest" name="verifiationOfLoginWithValidUsernameAndInvalidPassword" time="0.0">
    <ignored/>
  </testcase> <!-- verifiationOfLoginWithValidUsernameAndInvalidPassword -->
  <testcase classname="testScript.LoginTest" name="verifiationOfLoginWithInvalidUsernameAndValidPassword" time="0.0">
    <ignored/>
  </testcase> <!-- verifiationOfLoginWithInvalidUsernameAndValidPassword -->
  <testcase classname="testScript.LoginTest" name="verificationOfLoginWithValidUsernameAndPassword" time="0.0">
    <ignored/>
  </testcase> <!-- verificationOfLoginWithValidUsernameAndPassword -->
</testsuite> <!-- ChromeTest -->
