<?xml version="1.0" encoding="UTF-8"?>
<testng-results ignored="1" total="2" passed="1" failed="0" skipped="0">
  <reporter-output>
  </reporter-output>
  <suite started-at="2025-09-16T18:51:15 IST" name="ParallelTesting_Method" finished-at="2025-09-16T18:51:23 IST" duration-ms="8452">
    <groups>
    </groups>
    <test started-at="2025-09-16T18:51:15 IST" name="ChromeTest" finished-at="2025-09-16T18:51:23 IST" duration-ms="8452">
      <class name="testScript.ManageNewsTest">
        <test-method is-config="true" signature="browserIntialisation(java.lang.String)[pri:0, instance:testScript.ManageNewsTest@3754a4bf]" started-at="2025-09-16T18:51:15 IST" name="browserIntialisation" finished-at="2025-09-16T18:51:20 IST" duration-ms="5384" status="PASS">
          <params>
            <param index="0">
              <value>
                <![CDATA[chrome]]>
              </value>
            </param>
          </params>
          <reporter-output>
          </reporter-output>
        </test-method> <!-- browserIntialisation -->
        <test-method signature="verifyUserIsAbleToUpdateNewsInManageNews()[pri:2, instance:testScript.ManageNewsTest@3754a4bf]" started-at="2025-09-16T18:51:20 IST" name="verifyUserIsAbleToUpdateNewsInManageNews" description="to update a news" finished-at="2025-09-16T18:51:23 IST" duration-ms="2751" status="PASS">
          <reporter-output>
          </reporter-output>
        </test-method> <!-- verifyUserIsAbleToUpdateNewsInManageNews -->
        <test-method is-config="true" signature="quitandClose(org.testng.ITestResult)[pri:0, instance:testScript.ManageNewsTest@3754a4bf]" started-at="2025-09-16T18:51:23 IST" name="quitandClose" finished-at="2025-09-16T18:51:23 IST" duration-ms="269" status="PASS">
          <params>
            <param index="0">
              <value>
                <![CDATA[[TestResult name=verifyUserIsAbleToUpdateNewsInManageNews status=SUCCESS method=ManageNewsTest.verifyUserIsAbleToUpdateNewsInManageNews()[pri:2, instance:testScript.ManageNewsTest@3754a4bf] output={null}]]]>
              </value>
            </param>
          </params>
          <reporter-output>
          </reporter-output>
        </test-method> <!-- quitandClose -->
      </class> <!-- testScript.ManageNewsTest -->
    </test> <!-- ChromeTest -->
  </suite> <!-- ParallelTesting_Method -->
</testng-results>
