<?xml version="1.0" encoding="UTF-8"?>
<!-- Generated by org.testng.reporters.JUnitXMLReporter -->
<testsuite ignored="1" hostname="DESKTOP-4HRJJAG" failures="0" tests="4" name="Test" time="13.938" errors="0" timestamp="2025-09-15T15:38:27 IST">
  <testcase classname="testScript.LoginTest" name="verificationOfLoginWithValidUsernameAndPassword" time="1.561"/>
  <testcase classname="testScript.LoginTest" name="verificationOfLoginWithInvalidUsernameandInvalidPassword" time="0.518"/>
  <testcase classname="testScript.LoginTest" name="verifiationOfLoginWithValidUsernameAndInvalidPassword" time="0.59"/>
  <testcase classname="testScript.LoginTest" name="verifiationOfLoginWithInvalidUsernameAndValidPassword" time="0.482"/>
  <testcase classname="testScript.ManageContactTest" name="verifyUserIsAbletoUpdateContactinformation" time="0.0">
    <ignored/>
  </testcase> <!-- verifyUserIsAbletoUpdateContactinformation -->
</testsuite> <!-- Test -->
