<?xml version="1.0" encoding="UTF-8"?>
<!-- Generated by org.testng.reporters.JUnitXMLReporter -->
<testsuite ignored="0" hostname="DESKTOP-4HRJJAG" failures="0" tests="5" name="ChromeTest" time="16.878" errors="0" timestamp="2025-09-15T15:36:27 IST">
  <testcase classname="testScript.LoginTest" name="verificationOfLoginWithValidUsernameAndPassword" time="2.332"/>
  <testcase classname="testScript.ManageContactTest" name="verifyUserIsAbletoUpdateContactinformation" time="5.141"/>
  <testcase classname="testScript.LoginTest" name="verificationOfLoginWithInvalidUsernameandInvalidPassword" time="0.645"/>
  <testcase classname="testScript.LoginTest" name="verifiationOfLoginWithValidUsernameAndInvalidPassword" time="0.662"/>
  <testcase classname="testScript.LoginTest" name="verifiationOfLoginWithInvalidUsernameAndValidPassword" time="0.557"/>
</testsuite> <!-- ChromeTest -->
